# JRE version: OpenJDK Runtime Environment (11.0.13) (build 11.0.13+0-b1751.21-8125866)
# Java VM: OpenJDK 64-Bit Server VM (11.0.13+0-b1751.21-8125866, mixed mode, tiered, compressed oops, g1 gc, windows-amd64)
Heap:
 garbage-first heap   total 748544K, used 278354K [0x0000000080000000, 0x0000000100000000)
  region size 1024K, 2 young (2048K), 2 survivors (2048K)
 Metaspace       used 131014K, capacity 133967K, committed 134224K, reserved 1167360K
  class space    used 15879K, capacity 16941K, committed 17024K, reserved 1048576K
GC Heap History (20 events):
Event: 99.795 GC heap after
{Heap after GC invocations=67 (full 0):
 garbage-first heap   total 234496K, used 208782K [0x0000000080000000, 0x0000000100000000)
  region size 1024K, 2 young (2048K), 2 survivors (2048K)
 Metaspace       used 130672K, capacity 133611K, committed 133712K, reserved 1165312K
  class space    used 15859K, capacity 16936K, committed 17024K, reserved 1048576K
}
Event: 99.931 GC heap before
{Heap before GC invocations=67 (full 0):
 garbage-first heap   total 234496K, used 217998K [0x0000000080000000, 0x0000000100000000)
  region size 1024K, 11 young (11264K), 2 survivors (2048K)
 Metaspace       used 130693K, capacity 133676K, committed 133968K, reserved 1167360K
  class space    used 15859K, capacity 16936K, committed 17024K, reserved 1048576K
}
Event: 99.937 GC heap after
{Heap after GC invocations=68 (full 0):
 garbage-first heap   total 234496K, used 209107K [0x0000000080000000, 0x0000000100000000)
  region size 1024K, 1 young (1024K), 1 survivors (1024K)
 Metaspace       used 130693K, capacity 133676K, committed 133968K, reserved 1167360K
  class space    used 15859K, capacity 16936K, committed 17024K, reserved 1048576K
}
Event: 100.119 GC heap before
{Heap before GC invocations=68 (full 0):
 garbage-first heap   total 234496K, used 218323K [0x0000000080000000, 0x0000000100000000)
  region size 1024K, 11 young (11264K), 1 survivors (1024K)
 Metaspace       used 130719K, capacity 133741K, committed 133968K, reserved 1167360K
  class space    used 15859K, capacity 16936K, committed 17024K, reserved 1048576K
}
Event: 100.129 GC heap after
{Heap after GC invocations=69 (full 0):
 garbage-first heap   total 281600K, used 216415K [0x0000000080000000, 0x0000000100000000)
  region size 1024K, 2 young (2048K), 2 survivors (2048K)
 Metaspace       used 130719K, capacity 133741K, committed 133968K, reserved 1167360K
  class space    used 15859K, capacity 16936K, committed 17024K, reserved 1048576K
}
Event: 100.408 GC heap before
{Heap before GC invocations=69 (full 0):
 garbage-first heap   total 281600K, used 230751K [0x0000000080000000, 0x0000000100000000)
  region size 1024K, 16 young (16384K), 2 survivors (2048K)
 Metaspace       used 130719K, capacity 133741K, committed 133968K, reserved 1167360K
  class space    used 15859K, capacity 16936K, committed 17024K, reserved 1048576K
}
Event: 100.424 GC heap after
{Heap after GC invocations=70 (full 0):
 garbage-first heap   total 281600K, used 231099K [0x0000000080000000, 0x0000000100000000)
  region size 1024K, 2 young (2048K), 2 survivors (2048K)
 Metaspace       used 130719K, capacity 133741K, committed 133968K, reserved 1167360K
  class space    used 15859K, capacity 16936K, committed 17024K, reserved 1048576K
}
Event: 100.468 GC heap before
{Heap before GC invocations=70 (full 0):
 garbage-first heap   total 281600K, used 242363K [0x0000000080000000, 0x0000000100000000)
  region size 1024K, 13 young (13312K), 2 survivors (2048K)
 Metaspace       used 130719K, capacity 133741K, committed 133968K, reserved 1167360K
  class space    used 15859K, capacity 16936K, committed 17024K, reserved 1048576K
}
Event: 100.485 GC heap after
{Heap after GC invocations=71 (full 0):
 garbage-first heap   total 281600K, used 239899K [0x0000000080000000, 0x0000000100000000)
  region size 1024K, 2 young (2048K), 2 survivors (2048K)
 Metaspace       used 130719K, capacity 133741K, committed 133968K, reserved 1167360K
  class space    used 15859K, capacity 16936K, committed 17024K, reserved 1048576K
}
Event: 100.562 GC heap before
{Heap before GC invocations=71 (full 0):
 garbage-first heap   total 281600K, used 251163K [0x0000000080000000, 0x0000000100000000)
  region size 1024K, 13 young (13312K), 2 survivors (2048K)
 Metaspace       used 130719K, capacity 133741K, committed 133968K, reserved 1167360K
  class space    used 15859K, capacity 16936K, committed 17024K, reserved 1048576K
}
Event: 100.580 GC heap after
{Heap after GC invocations=72 (full 0):
 garbage-first heap   total 281600K, used 249059K [0x0000000080000000, 0x0000000100000000)
  region size 1024K, 2 young (2048K), 2 survivors (2048K)
 Metaspace       used 130719K, capacity 133741K, committed 133968K, reserved 1167360K
  class space    used 15859K, capacity 16936K, committed 17024K, reserved 1048576K
}
Event: 100.648 GC heap before
{Heap before GC invocations=72 (full 0):
 garbage-first heap   total 281600K, used 260323K [0x0000000080000000, 0x0000000100000000)
  region size 1024K, 13 young (13312K), 2 survivors (2048K)
 Metaspace       used 130720K, capacity 133741K, committed 133968K, reserved 1167360K
  class space    used 15859K, capacity 16936K, committed 17024K, reserved 1048576K
}
Event: 100.676 GC heap after
{Heap after GC invocations=73 (full 0):
 garbage-first heap   total 410624K, used 257841K [0x0000000080000000, 0x0000000100000000)
  region size 1024K, 2 young (2048K), 2 survivors (2048K)
 Metaspace       used 130720K, capacity 133741K, committed 133968K, reserved 1167360K
  class space    used 15859K, capacity 16936K, committed 17024K, reserved 1048576K
}
Event: 101.277 GC heap before
{Heap before GC invocations=74 (full 0):
 garbage-first heap   total 410624K, used 295729K [0x0000000080000000, 0x0000000100000000)
  region size 1024K, 39 young (39936K), 2 survivors (2048K)
 Metaspace       used 130809K, capacity 133810K, committed 133968K, reserved 1167360K
  class space    used 15859K, capacity 16936K, committed 17024K, reserved 1048576K
}
Event: 101.294 GC heap after
{Heap after GC invocations=75 (full 0):
 garbage-first heap   total 410624K, used 267025K [0x0000000080000000, 0x0000000100000000)
  region size 1024K, 5 young (5120K), 5 survivors (5120K)
 Metaspace       used 130809K, capacity 133810K, committed 133968K, reserved 1167360K
  class space    used 15859K, capacity 16936K, committed 17024K, reserved 1048576K
}
Event: 101.443 GC heap before
{Heap before GC invocations=75 (full 0):
 garbage-first heap   total 410624K, used 304913K [0x0000000080000000, 0x0000000100000000)
  region size 1024K, 42 young (43008K), 5 survivors (5120K)
 Metaspace       used 130809K, capacity 133810K, committed 133968K, reserved 1167360K
  class space    used 15859K, capacity 16936K, committed 17024K, reserved 1048576K
}
Event: 101.481 GC heap after
{Heap after GC invocations=76 (full 0):
 garbage-first heap   total 410624K, used 303830K [0x0000000080000000, 0x0000000100000000)
  region size 1024K, 6 young (6144K), 6 survivors (6144K)
 Metaspace       used 130809K, capacity 133810K, committed 133968K, reserved 1167360K
  class space    used 15859K, capacity 16936K, committed 17024K, reserved 1048576K
}
Event: 101.826 GC heap before
{Heap before GC invocations=76 (full 0):
 garbage-first heap   total 410624K, used 325334K [0x0000000080000000, 0x0000000100000000)
  region size 1024K, 27 young (27648K), 6 survivors (6144K)
 Metaspace       used 130965K, capacity 133875K, committed 133968K, reserved 1167360K
  class space    used 15873K, capacity 16936K, committed 17024K, reserved 1048576K
}
Event: 101.849 GC heap after
{Heap after GC invocations=77 (full 0):
 garbage-first heap   total 410624K, used 311808K [0x0000000080000000, 0x0000000100000000)
  region size 1024K, 4 young (4096K), 4 survivors (4096K)
 Metaspace       used 130965K, capacity 133875K, committed 133968K, reserved 1167360K
  class space    used 15873K, capacity 16936K, committed 17024K, reserved 1048576K
}
Event: 102.369 GC heap before
{Heap before GC invocations=77 (full 0):
 garbage-first heap   total 410624K, used 298496K [0x0000000080000000, 0x0000000100000000)
  region size 1024K, 24 young (24576K), 4 survivors (4096K)
 Metaspace       used 131014K, capacity 133967K, committed 134224K, reserved 1167360K
  class space    used 15879K, capacity 16941K, committed 17024K, reserved 1048576K
}

